[0m16:07:03.596334 [debug] [MainThread]: Sending event: {'category': 'dbt', 'action': 'invocation', 'label': 'start', 'context': [<snowplow_tracker.self_describing_json.SelfDescribingJson object at 0x10ad210d0>, <snowplow_tracker.self_describing_json.SelfDescribingJson object at 0x10af53c10>, <snowplow_tracker.self_describing_json.SelfDescribingJson object at 0x10af73090>]}


============================== 16:07:03.599220 | 224554c8-7057-4cad-9e39-491596280a8c ==============================
[0m16:07:03.599220 [info ] [MainThread]: Running with dbt=1.9.3
[0m16:07:03.599558 [debug] [MainThread]: running dbt with arguments {'printer_width': '80', 'indirect_selection': 'eager', 'write_json': 'True', 'log_cache_events': 'False', 'partial_parse': 'True', 'cache_selected_only': 'False', 'profiles_dir': '/Users/richioulaye/.dbt', 'debug': 'False', 'fail_fast': 'False', 'log_path': 'logs', 'version_check': 'True', 'warn_error': 'None', 'use_colors': 'True', 'use_experimental_parser': 'False', 'no_print': 'None', 'quiet': 'False', 'empty': 'None', 'warn_error_options': 'WarnErrorOptions(include=[], exclude=[])', 'invocation_command': 'dbt init formation_dbt', 'log_format': 'default', 'introspect': 'True', 'target_path': 'None', 'static_parser': 'True', 'send_anonymous_usage_stats': 'True'}
[0m16:07:03.609845 [debug] [MainThread]: Starter project path: /Users/richioulaye/Desktop/Debut-pratique-dbt/.venv/lib/python3.11/site-packages/dbt/include/starter_project
[0m16:07:03.613638 [info ] [MainThread]: 
Your new dbt project "formation_dbt" was created!

For more information on how to configure the profiles.yml file,
please consult the dbt documentation here:

  https://docs.getdbt.com/docs/configure-your-profile

One more thing:

Need help? Don't hesitate to reach out to us via GitHub issues or on Slack:

  https://community.getdbt.com/

Happy modeling!

[0m16:07:03.613847 [info ] [MainThread]: Setting up your profile.
[0m16:08:07.976040 [info ] [MainThread]: Profile formation_dbt written to /Users/richioulaye/.dbt/profiles.yml using target's sample configuration. Once updated, you'll be able to start developing with dbt.
[0m16:08:08.003681 [debug] [MainThread]: Resource report: {"command_name": "init", "command_success": true, "command_wall_clock_time": 64.44404, "process_in_blocks": "0", "process_kernel_time": 0.180248, "process_mem_max_rss": "103170048", "process_out_blocks": "0", "process_user_time": 0.705595}
[0m16:08:08.004134 [debug] [MainThread]: Command `dbt init` succeeded at 16:08:08.004047 after 64.44 seconds
[0m16:08:08.004714 [debug] [MainThread]: Sending event: {'category': 'dbt', 'action': 'invocation', 'label': 'end', 'context': [<snowplow_tracker.self_describing_json.SelfDescribingJson object at 0x1082488d0>, <snowplow_tracker.self_describing_json.SelfDescribingJson object at 0x10ad21290>, <snowplow_tracker.self_describing_json.SelfDescribingJson object at 0x10ad212d0>]}
[0m16:08:08.005322 [debug] [MainThread]: Flushing usage events
[0m16:08:08.546063 [debug] [MainThread]: An error was encountered while trying to flush usage events
